# JRE version: Java(TM) SE Runtime Environment (8.0_311-b11) (build 1.8.0_311-b11)
# Java VM: Java HotSpot(TM) 64-Bit Server VM (25.311-b11 mixed mode windows-amd64 compressed oops)
Heap:
 PSYoungGen      total 1181696K, used 794760K [0x000000076ab00000, 0x00000007bfa00000, 0x00000007c0000000)
  eden space 1124352K, 68% used [0x000000076ab00000,0x00000007999b9ed0,0x00000007af500000)
  from space 57344K, 45% used [0x00000007af500000,0x00000007b0e68338,0x00000007b2d00000)
  to   space 54784K, 0% used [0x00000007bc480000,0x00000007bc480000,0x00000007bfa00000)
 ParOldGen       total 326144K, used 200861K [0x00000006c0000000, 0x00000006d3e80000, 0x000000076ab00000)
  object space 326144K, 61% used [0x00000006c0000000,0x00000006cc427758,0x00000006d3e80000)
 Metaspace       used 124519K, capacity 129938K, committed 129984K, reserved 1163264K
  class space    used 15832K, capacity 16835K, committed 16872K, reserved 1048576K
GC Heap History (10 events):
Event: 60.734 GC heap before
{Heap before GC invocations=30 (full 5):
 PSYoungGen      total 916480K, used 863744K [0x000000076ab00000, 0x00000007a6480000, 0x00000007c0000000)
  eden space 863744K, 100% used [0x000000076ab00000,0x000000079f680000,0x000000079f680000)
  from space 52736K, 0% used [0x00000007a2a00000,0x00000007a2a00000,0x00000007a5d80000)
  to   space 52736K, 0% used [0x000000079f680000,0x000000079f680000,0x00000007a2a00000)
 ParOldGen       total 326144K, used 170692K [0x00000006c0000000, 0x00000006d3e80000, 0x000000076ab00000)
  object space 326144K, 52% used [0x00000006c0000000,0x00000006ca6b1048,0x00000006d3e80000)
 Metaspace       used 116652K, capacity 121722K, committed 122048K, reserved 1155072K
  class space    used 15098K, capacity 16045K, committed 16104K, reserved 1048576K
Event: 60.882 GC heap after
Heap after GC invocations=30 (full 5):
 PSYoungGen      total 916480K, used 28456K [0x000000076ab00000, 0x00000007ac580000, 0x00000007c0000000)
  eden space 863744K, 0% used [0x000000076ab00000,0x000000076ab00000,0x000000079f680000)
  from space 52736K, 53% used [0x000000079f680000,0x00000007a124a1e0,0x00000007a2a00000)
  to   space 51712K, 0% used [0x00000007a9300000,0x00000007a9300000,0x00000007ac580000)
 ParOldGen       total 326144K, used 170716K [0x00000006c0000000, 0x00000006d3e80000, 0x000000076ab00000)
  object space 326144K, 52% used [0x00000006c0000000,0x00000006ca6b7048,0x00000006d3e80000)
 Metaspace       used 116652K, capacity 121722K, committed 122048K, reserved 1155072K
  class space    used 15098K, capacity 16045K, committed 16104K, reserved 1048576K
}
Event: 61.184 GC heap before
{Heap before GC invocations=31 (full 5):
 PSYoungGen      total 916480K, used 892200K [0x000000076ab00000, 0x00000007ac580000, 0x00000007c0000000)
  eden space 863744K, 100% used [0x000000076ab00000,0x000000079f680000,0x000000079f680000)
  from space 52736K, 53% used [0x000000079f680000,0x00000007a124a1e0,0x00000007a2a00000)
  to   space 51712K, 0% used [0x00000007a9300000,0x00000007a9300000,0x00000007ac580000)
 ParOldGen       total 326144K, used 170716K [0x00000006c0000000, 0x00000006d3e80000, 0x000000076ab00000)
  object space 326144K, 52% used [0x00000006c0000000,0x00000006ca6b7048,0x00000006d3e80000)
 Metaspace       used 116743K, capacity 121850K, committed 122048K, reserved 1155072K
  class space    used 15098K, capacity 16045K, committed 16104K, reserved 1048576K
Event: 61.263 GC heap after
Heap after GC invocations=31 (full 5):
 PSYoungGen      total 1023488K, used 31279K [0x000000076ab00000, 0x00000007afd80000, 0x00000007c0000000)
  eden space 971776K, 0% used [0x000000076ab00000,0x000000076ab00000,0x00000007a6000000)
  from space 51712K, 60% used [0x00000007a9300000,0x00000007ab18bcd8,0x00000007ac580000)
  to   space 52224K, 0% used [0x00000007a6000000,0x00000007a6000000,0x00000007a9300000)
 ParOldGen       total 326144K, used 170735K [0x00000006c0000000, 0x00000006d3e80000, 0x000000076ab00000)
  object space 326144K, 52% used [0x00000006c0000000,0x00000006ca6bbc78,0x00000006d3e80000)
 Metaspace       used 116743K, capacity 121850K, committed 122048K, reserved 1155072K
  class space    used 15098K, capacity 16045K, committed 16104K, reserved 1048576K
}
Event: 64.002 GC heap before
{Heap before GC invocations=32 (full 5):
 PSYoungGen      total 1023488K, used 1003055K [0x000000076ab00000, 0x00000007afd80000, 0x00000007c0000000)
  eden space 971776K, 100% used [0x000000076ab00000,0x00000007a6000000,0x00000007a6000000)
  from space 51712K, 60% used [0x00000007a9300000,0x00000007ab18bcd8,0x00000007ac580000)
  to   space 52224K, 0% used [0x00000007a6000000,0x00000007a6000000,0x00000007a9300000)
 ParOldGen       total 326144K, used 170735K [0x00000006c0000000, 0x00000006d3e80000, 0x000000076ab00000)
  object space 326144K, 52% used [0x00000006c0000000,0x00000006ca6bbc78,0x00000006d3e80000)
 Metaspace       used 118585K, capacity 123726K, committed 123840K, reserved 1157120K
  class space    used 15329K, capacity 16315K, committed 16360K, reserved 1048576K
Event: 64.054 GC heap after
Heap after GC invocations=32 (full 5):
 PSYoungGen      total 1024000K, used 6299K [0x000000076ab00000, 0x00000007b6d00000, 0x00000007c0000000)
  eden space 971776K, 0% used [0x000000076ab00000,0x000000076ab00000,0x00000007a6000000)
  from space 52224K, 12% used [0x00000007a6000000,0x00000007a6626e40,0x00000007a9300000)
  to   space 52224K, 0% used [0x00000007b3a00000,0x00000007b3a00000,0x00000007b6d00000)
 ParOldGen       total 326144K, used 180788K [0x00000006c0000000, 0x00000006d3e80000, 0x000000076ab00000)
  object space 326144K, 55% used [0x00000006c0000000,0x00000006cb08d208,0x00000006d3e80000)
 Metaspace       used 118585K, capacity 123726K, committed 123840K, reserved 1157120K
  class space    used 15329K, capacity 16315K, committed 16360K, reserved 1048576K
}
Event: 90.841 GC heap before
{Heap before GC invocations=33 (full 5):
 PSYoungGen      total 1024000K, used 978070K [0x000000076ab00000, 0x00000007b6d00000, 0x00000007c0000000)
  eden space 971776K, 99% used [0x000000076ab00000,0x00000007a5ffeba8,0x00000007a6000000)
  from space 52224K, 12% used [0x00000007a6000000,0x00000007a6626e40,0x00000007a9300000)
  to   space 52224K, 0% used [0x00000007b3a00000,0x00000007b3a00000,0x00000007b6d00000)
 ParOldGen       total 326144K, used 180788K [0x00000006c0000000, 0x00000006d3e80000, 0x000000076ab00000)
  object space 326144K, 55% used [0x00000006c0000000,0x00000006cb08d208,0x00000006d3e80000)
 Metaspace       used 123239K, capacity 128454K, committed 128576K, reserved 1161216K
  class space    used 15734K, capacity 16713K, committed 16744K, reserved 1048576K
Event: 90.991 GC heap after
Heap after GC invocations=33 (full 5):
 PSYoungGen      total 1168384K, used 42964K [0x000000076ab00000, 0x00000007b6500000, 0x00000007c0000000)
  eden space 1124352K, 0% used [0x000000076ab00000,0x000000076ab00000,0x00000007af500000)
  from space 44032K, 97% used [0x00000007b3a00000,0x00000007b63f5258,0x00000007b6500000)
  to   space 57344K, 0% used [0x00000007af500000,0x00000007af500000,0x00000007b2d00000)
 ParOldGen       total 326144K, used 184686K [0x00000006c0000000, 0x00000006d3e80000, 0x000000076ab00000)
  object space 326144K, 56% used [0x00000006c0000000,0x00000006cb45b878,0x00000006d3e80000)
 Metaspace       used 123239K, capacity 128454K, committed 128576K, reserved 1161216K
  class space    used 15734K, capacity 16713K, committed 16744K, reserved 1048576K
}
Event: 150.114 GC heap before
{Heap before GC invocations=34 (full 5):
 PSYoungGen      total 1168384K, used 1167316K [0x000000076ab00000, 0x00000007b6500000, 0x00000007c0000000)
  eden space 1124352K, 100% used [0x000000076ab00000,0x00000007af500000,0x00000007af500000)
  from space 44032K, 97% used [0x00000007b3a00000,0x00000007b63f5258,0x00000007b6500000)
  to   space 57344K, 0% used [0x00000007af500000,0x00000007af500000,0x00000007b2d00000)
 ParOldGen       total 326144K, used 184686K [0x00000006c0000000, 0x00000006d3e80000, 0x000000076ab00000)
  object space 326144K, 56% used [0x00000006c0000000,0x00000006cb45b878,0x00000006d3e80000)
 Metaspace       used 124418K, capacity 129790K, committed 129984K, reserved 1163264K
  class space    used 15826K, capacity 16833K, committed 16872K, reserved 1048576K
Event: 150.710 GC heap after
Heap after GC invocations=34 (full 5):
 PSYoungGen      total 1181696K, used 26016K [0x000000076ab00000, 0x00000007bfa00000, 0x00000007c0000000)
  eden space 1124352K, 0% used [0x000000076ab00000,0x000000076ab00000,0x00000007af500000)
  from space 57344K, 45% used [0x00000007af500000,0x00000007b0e68338,0x00000007b2d00000)
  to   space 54784K, 0% used [0x00000007bc480000,0x00000007bc480000,0x00000007bfa00000)
 ParOldGen       total 326144K, used 200861K [0x00000006c0000000, 0x00000006d3e80000, 0x000000076ab00000)
  object space 326144K, 61% used [0x00000006c0000000,0x00000006cc427758,0x00000006d3e80000)
 Metaspace       used 124418K, capacity 129790K, committed 129984K, reserved 1163264K
  class space    used 15826K, capacity 16833K, committed 16872K, reserved 1048576K
}

